{"name": "Запрос заказа без номера", "status": "failed", "statusDetails": {"message": "AssertionError: assert 500 == 400\n +  where 500 = <Response [500]>.status_code", "trace": "self = <tests.test_order.TestOrder object at 0x102dff610>\n\n    @allure.title('Запрос заказа без номера')\n    def test_get_order_without_id(self):\n        with allure.step('Делаем запрос без указания номера заказа'):\n            order_response = self.order.get_order_by_id(None)\n        with allure.step('Проверяем статус-код ответа == 400 и текст ошибки '\n                         '(здесь ожидается баг - сервер возвращает 500 статус-код)'):\n            try:\n>               assert order_response.status_code == 400\nE               assert 500 == 400\nE                +  where 500 = <Response [500]>.status_code\n\ntests/test_order.py:75: AssertionError"}, "steps": [{"name": "Делаем запрос без указания номера заказа", "status": "passed", "steps": [{"name": "Получения описания заказа по id", "status": "passed", "parameters": [{"name": "order_id", "value": "None"}], "start": 1718143584294, "stop": 1718143584682}], "start": 1718143584294, "stop": 1718143584683}, {"name": "Проверяем статус-код ответа == 400 и текст ошибки (здесь ожидается баг - сервер возвращает 500 статус-код)", "status": "failed", "statusDetails": {"message": "AssertionError: assert 500 == 400\n +  where 500 = <Response [500]>.status_code\n", "trace": "  File \"/Users/stef/PycharmProjects/sprint_7_api_tests/tests/test_order.py\", line 75, in test_get_order_without_id\n    assert order_response.status_code == 400\n"}, "attachments": [{"name": "Known Bug - 500", "source": "8b7c809c-eb28-4db7-a3e0-9733a52617ef-attachment.txt", "type": "text/plain"}], "start": 1718143584683, "stop": 1718143584684}], "start": 1718143584294, "stop": 1718143584686, "uuid": "8fbb8b99-cef7-4013-bcaa-f4c7a0c879b3", "historyId": "c3146fa97ac12743f6e37bc4dc2b9ce7", "testCaseId": "c3146fa97ac12743f6e37bc4dc2b9ce7", "fullName": "tests.test_order.TestOrder#test_get_order_without_id", "labels": [{"name": "feature", "value": "Проверки методов заказа"}, {"name": "parentSuite", "value": "tests"}, {"name": "suite", "value": "test_order"}, {"name": "subSuite", "value": "TestOrder"}, {"name": "host", "value": "MacBook-Air-Stef.local"}, {"name": "thread", "value": "25830-MainThread"}, {"name": "framework", "value": "pytest"}, {"name": "language", "value": "cpython3"}, {"name": "package", "value": "tests.test_order"}], "links": [{"type": "issue", "url": "BUG", "name": "BUG"}]}